Arguments: 
  C:\Program Files\nodejs\node.exe C:\Users\pengz\AppData\Roaming\npm\node_modules\yarn\bin\yarn.js add -D vue-press

PATH: 
  C:\Program Files\Common Files\Oracle\Java\javapath;C:\Program Files (x86)\Tencent\QQ\Bin;C:\WINDOWS\system32;C:\WINDOWS;C:\WINDOWS\System32\Wbem;C:\WINDOWS\System32\WindowsPowerShell\v1.0\;C:\WINDOWS\System32\OpenSSH\;D:\tools\java-jre\bin;C:\Program Files\nodejs\;C:\Program Files (x86)\Git\cmd;C:\Program Files\TortoiseGit\bin;C:\Users\pengz\AppData\Local\Microsoft\WindowsApps;C:\Users\pengz\AppData\Local\Programs\Microsoft VS Code\bin;C:\Users\pengz\AppData\Roaming\npm

Yarn version: 
  1.22.19

Node version: 
  16.16.0

Platform: 
  win32 x64

Trace: 
  Error: https://registry.npm.taobao.org/vue-press: Not found
      at Request.params.callback [as _callback] (C:\Users\pengz\AppData\Roaming\npm\node_modules\yarn\lib\cli.js:66145:18)
      at Request.self.callback (C:\Users\pengz\AppData\Roaming\npm\node_modules\yarn\lib\cli.js:140890:22)
      at Request.emit (node:events:527:28)
      at Request.<anonymous> (C:\Users\pengz\AppData\Roaming\npm\node_modules\yarn\lib\cli.js:141862:10)
      at Request.emit (node:events:527:28)
      at IncomingMessage.<anonymous> (C:\Users\pengz\AppData\Roaming\npm\node_modules\yarn\lib\cli.js:141784:12)
      at Object.onceWrapper (node:events:641:28)
      at IncomingMessage.emit (node:events:539:35)
      at endReadableNT (node:internal/streams/readable:1345:12)
      at processTicksAndRejections (node:internal/process/task_queues:83:21)

npm manifest: 
  {
    "name": "y",
    "version": "y",
    "description": "y",
    "main": "y",
    "repository": "y",
    "author": "y",
    "license": "y",
    "private": true
  }

yarn manifest: 
  No manifest

Lockfile: 
  No lockfile
